[debug] [2022-04-13T08:40:00.149Z] ----------------------------------------------------------------------
[debug] [2022-04-13T08:40:00.155Z] Command:       C:\Program Files\nodejs\node.exe C:\Users\norte\AppData\Roaming\npm\node_modules\firebase-tools\lib\bin\firebase.js init
[debug] [2022-04-13T08:40:00.157Z] CLI Version:   10.6.0
[debug] [2022-04-13T08:40:00.157Z] Platform:      win32
[debug] [2022-04-13T08:40:00.158Z] Node Version:  v16.13.2
[debug] [2022-04-13T08:40:00.170Z] Time:          Wed Apr 13 2022 08:40:00 GMT+0000 (Coordinated Universal Time)
[debug] [2022-04-13T08:40:00.171Z] ----------------------------------------------------------------------
[debug] 
[debug] [2022-04-13T08:40:00.352Z] > command requires scopes: ["email","openid","https://www.googleapis.com/auth/cloudplatformprojects.readonly","https://www.googleapis.com/auth/firebase","https://www.googleapis.com/auth/cloud-platform"]
[debug] [2022-04-13T08:40:00.353Z] > authorizing via signed-in user (norteypeter@gmail.com)
[info] 
     ######## #### ########  ######## ########     ###     ######  ########
     ##        ##  ##     ## ##       ##     ##  ##   ##  ##       ##
     ######    ##  ########  ######   ########  #########  ######  ######
     ##        ##  ##    ##  ##       ##     ## ##     ##       ## ##
     ##       #### ##     ## ######## ########  ##     ##  ######  ########

You're about to initialize a Firebase project in this directory:

  C:\Users\norte\Desktop\projects\choys-backend

Before we get started, keep in mind:

  * You are initializing within an existing Firebase project directory

[info] 
=== Project Setup
[info] 
[info] First, let's associate this project directory with a Firebase project.
[info] You can create multiple project aliases by running firebase use --add, 
[info] but for now we'll just set up a default project.
[info] 
[debug] [2022-04-13T08:40:27.899Z] Using project from CLI flag: choys-backend
[debug] [2022-04-13T08:40:27.911Z] >>> [apiv2][query] GET https://firebase.googleapis.com/v1beta1/projects/choys-backend [none]
[debug] [2022-04-13T08:40:28.783Z] <<< [apiv2][status] GET https://firebase.googleapis.com/v1beta1/projects/choys-backend 200
[debug] [2022-04-13T08:40:28.784Z] <<< [apiv2][body] GET https://firebase.googleapis.com/v1beta1/projects/choys-backend {"projectId":"choys-backend","projectNumber":"633485140532","displayName":"choys-backend","name":"projects/choys-backend","resources":{"hostingSite":"choys-backend","realtimeDatabaseInstance":"choys-backend-default-rtdb","storageBucket":"choys-backend.appspot.com","locationId":"asia-southeast1"},"state":"ACTIVE"}
[info] i  Using project choys-backend (choys-backend) 
[info] 
=== Functions Setup
[info] 
[info] A functions directory will be created in your project with sample code
[info] pre-configured. Functions can be deployed with firebase deploy.
[info] 
[debug] [2022-04-13T08:40:28.809Z] > command requires scopes: ["email","openid","https://www.googleapis.com/auth/cloudplatformprojects.readonly","https://www.googleapis.com/auth/firebase","https://www.googleapis.com/auth/cloud-platform"]
[debug] [2022-04-13T08:40:28.810Z] > authorizing via signed-in user (norteypeter@gmail.com)
[debug] [2022-04-13T08:40:28.810Z] [iam] checking project choys-backend for permissions ["firebase.projects.get"]
[debug] [2022-04-13T08:40:28.813Z] >>> [apiv2][query] POST https://cloudresourcemanager.googleapis.com/v1/projects/choys-backend:testIamPermissions [none]
[debug] [2022-04-13T08:40:28.813Z] >>> [apiv2][body] POST https://cloudresourcemanager.googleapis.com/v1/projects/choys-backend:testIamPermissions {"permissions":["firebase.projects.get"]}
[debug] [2022-04-13T08:40:30.160Z] <<< [apiv2][status] POST https://cloudresourcemanager.googleapis.com/v1/projects/choys-backend:testIamPermissions 200
[debug] [2022-04-13T08:40:30.160Z] <<< [apiv2][body] POST https://cloudresourcemanager.googleapis.com/v1/projects/choys-backend:testIamPermissions {"permissions":["firebase.projects.get"]}
[debug] [2022-04-13T08:40:30.162Z] >>> [apiv2][query] GET https://serviceusage.googleapis.com/v1/projects/choys-backend/services/cloudfunctions.googleapis.com [none]
[debug] [2022-04-13T08:40:30.164Z] >>> [apiv2][query] GET https://serviceusage.googleapis.com/v1/projects/choys-backend/services/runtimeconfig.googleapis.com [none]
[debug] [2022-04-13T08:40:31.586Z] <<< [apiv2][status] GET https://serviceusage.googleapis.com/v1/projects/choys-backend/services/runtimeconfig.googleapis.com 200
[debug] [2022-04-13T08:40:31.587Z] <<< [apiv2][body] GET https://serviceusage.googleapis.com/v1/projects/choys-backend/services/runtimeconfig.googleapis.com {"name":"projects/633485140532/services/runtimeconfig.googleapis.com","config":{"name":"runtimeconfig.googleapis.com","title":"Cloud Runtime Configuration API","apis":[{"name":"google.longrunning.Operations","methods":[{"name":"ListOperations"},{"name":"GetOperation"},{"name":"DeleteOperation"},{"name":"CancelOperation"},{"name":"WaitOperation"}],"version":"v1"},{"name":"google.cloud.runtimeconfig.v1beta1.RuntimeConfigManager","methods":[{"name":"ListConfigs"},{"name":"GetConfig"},{"name":"CreateConfig"},{"name":"UpdateConfig"},{"name":"DeleteConfig"},{"name":"ListVariables"},{"name":"GetVariable"},{"name":"WatchVariable"},{"name":"CreateVariable"},{"name":"UpdateVariable"},{"name":"DeleteVariable"},{"name":"ListWaiters"},{"name":"GetWaiter"},{"name":"CreateWaiter"},{"name":"DeleteWaiter"}],"version":"v1beta1"},{"name":"google.discovery.Discovery","methods":[{"name":"GetDiscovery"},{"name":"GetDiscoveryRest"}],"version":"v1"}],"documentation":{"summary":"The Runtime Configurator allows you to dynamically configure and expose variables through Google Cloud Platform. In addition, you can also set Watchers and Waiters that will watch for changes to your data and return based on certain conditions."},"quota":{"limits":[{"name":"ReadsPerMinPerProject","metric":"runtimeconfig.googleapis.com/read_requests","unit":"1/min/{project}","values":{"DEFAULT":"6000"},"displayName":"Reads per minute per project"},{"name":"WritesPerMinPerProject","metric":"runtimeconfig.googleapis.com/write_requests","unit":"1/min/{project}","values":{"DEFAULT":"1200"},"displayName":"Writes per minute per project"},{"name":"WatchesPerMinPerProject","metric":"runtimeconfig.googleapis.com/watch_requests","unit":"1/min/{project}","values":{"DEFAULT":"600"},"displayName":"Watches per minute per project"},{"name":"DeletesPerMinPerProject","metric":"runtimeconfig.googleapis.com/delete_requests","unit":"1/min/{project}","values":{"DEFAULT":"1200"},"displayName":"Deletes per minute per project"},{"name":"resource-byte-quota","metric":"runtimeconfig.googleapis.com/resource_byte_usage","unit":"1/{project}","values":{"DEFAULT":"4194304"},"displayName":"Config Storage Usage"}]},"authentication":{"rules":[{"oauth":{"canonicalScopes":"https://www.googleapis.com/auth/cloud-platform, https://www.googleapis.com/auth/cloudruntimeconfig"}},{"oauth":{"canonicalScopes":"https://www.googleapis.com/auth/cloud-platform, https://www.googleapis.com/auth/cloudruntimeconfig"}},{"oauth":{"canonicalScopes":"https://www.googleapis.com/auth/cloud-platform, https://www.googleapis.com/auth/cloudruntimeconfig"}},{"oauth":{"canonicalScopes":"https://www.googleapis.com/auth/cloud-platform, https://www.googleapis.com/auth/cloudruntimeconfig"}},{"oauth":{"canonicalScopes":"https://www.googleapis.com/auth/cloud-platform, https://www.googleapis.com/auth/cloudruntimeconfig"}},{"oauth":{"canonicalScopes":"https://www.googleapis.com/auth/cloud-platform, https://www.googleapis.com/auth/cloudruntimeconfig"}},{"oauth":{"canonicalScopes":"https://www.googleapis.com/auth/cloud-platform, https://www.googleapis.com/auth/cloudruntimeconfig"}},{"oauth":{"canonicalScopes":"https://www.googleapis.com/auth/cloud-platform, https://www.googleapis.com/auth/cloudruntimeconfig"}},{"oauth":{"canonicalScopes":"https://www.googleapis.com/auth/cloud-platform, https://www.googleapis.com/auth/cloudruntimeconfig"}},{"oauth":{"canonicalScopes":"https://www.googleapis.com/auth/cloud-platform, https://www.googleapis.com/auth/cloudruntimeconfig"}},{"oauth":{"canonicalScopes":"https://www.googleapis.com/auth/cloud-platform, https://www.googleapis.com/auth/cloudruntimeconfig"}},{"oauth":{"canonicalScopes":"https://www.googleapis.com/auth/cloud-platform, https://www.googleapis.com/auth/cloudruntimeconfig"}},{"oauth":{"canonicalScopes":"https://www.googleapis.com/auth/cloud-platform, https://www.googleapis.com/auth/cloudruntimeconfig"}},{"oauth":{"canonicalScopes":"https://www.googleapis.com/auth/cloud-platform, https://www.googleapis.com/auth/cloudruntimeconfig"}},{"oauth":{"canonicalScopes":"https://www.googleapis.com/auth/cloud-platform, https://www.googleapis.com/auth/cloudruntimeconfig"}},{"oauth":{"canonicalScopes":"https://www.googleapis.com/auth/cloud-platform, https://www.googleapis.com/auth/cloudruntimeconfig"}},{"oauth":{"canonicalScopes":"https://www.googleapis.com/auth/cloud-platform, https://www.googleapis.com/auth/cloudruntimeconfig"}},{"oauth":{"canonicalScopes":"https://www.googleapis.com/auth/cloud-platform, https://www.googleapis.com/auth/cloudruntimeconfig"}},{"oauth":{"canonicalScopes":"https://www.googleapis.com/auth/cloud-platform, https://www.googleapis.com/auth/cloudruntimeconfig"}},{"oauth":{"canonicalScopes":"https://www.googleapis.com/auth/cloud-platform, https://www.googleapis.com/auth/cloudruntimeconfig"}},{"oauth":{"canonicalScopes":"https://www.googleapis.com/auth/cloud-platform, https://www.googleapis.com/auth/cloudruntimeconfig"}},{"oauth":{"canonicalScopes":"https://www.googleapis.com/auth/cloud-platform, https://www.googleapis.com/auth/cloudruntimeconfig"}},{"oauth":{"canonicalScopes":"https://www.googleapis.com/auth/cloud-platform, https://www.googleapis.com/auth/cloudruntimeconfig"}}]},"usage":{"requirements":["serviceusage.googleapis.com/tos/cloud"]},"endpoints":[{"name":"runtimeconfig.googleapis.com"},{"name":"runtimeconfig.clients6.google.com"},{"name":"content-runtimeconfig.googleapis.com"},{"name":"runtimeconfig.mtls.googleapis.com"},{"name":"runtimeconfig.mtls.clients6.google.com"},{"name":"content-runtimeconfig.mtls.googleapis.com"}],"monitoring":{}},"state":"ENABLED","parent":"projects/633485140532"}
